<?xml version="1.0" encoding="UTF-8"?>
<!-- Generated by org.testng.reporters.JUnitReportReporter -->
<testsuite skipped="0" hostname="uSER-PC" name="testng.Example_Param5" tests="3" failures="0" timestamp="2022-05-05T12:23:24 IST" time="0.030" errors="0">
  <testcase name="login" time="0.003" classname="testng.Example_Param5"/>
  <system-out/>
  <testcase name="signIn" time="0.024" classname="testng.Example_Param5"/>
  <system-out/>
  <testcase name="checkNotification" time="0.003" classname="testng.Example_Param5"/>
  <system-out/>
</testsuite> <!-- testng.Example_Param5 -->
