<?xml version="1.0" encoding="UTF-8"?>
<!-- Generated by org.testng.reporters.JUnitReportReporter -->
<testsuite skipped="0" hostname="uSER-PC" name="testng.Example3" tests="1" failures="0" timestamp="2022-05-05T12:27:03 IST" time="2.024" errors="0">
  <testcase name="testCase3" time="2.024" classname="testng.Example3"/>
  <system-out/>
</testsuite> <!-- testng.Example3 -->
