<?xml version="1.0" encoding="UTF-8"?>
<!-- Generated by org.testng.reporters.JUnitReportReporter -->
<testsuite skipped="0" hostname="uSER-PC" name="testng.NewTest" tests="1" failures="0" timestamp="2022-05-05T12:11:29 IST" time="0.027" errors="0">
  <testcase name="smokeTC1" time="0.027" classname="testng.NewTest"/>
  <system-out/>
</testsuite> <!-- testng.NewTest -->
