<?xml version="1.0" encoding="UTF-8"?>
<!-- Generated by org.testng.reporters.JUnitReportReporter -->
<testsuite skipped="0" hostname="uSER-PC" name="testng.Example_Param2" tests="3" failures="0" timestamp="2022-05-05T12:18:16 IST" time="0.047" errors="0">
  <testcase name="login" time="0.030" classname="testng.Example_Param2"/>
  <system-out/>
  <testcase name="sendEmail" time="0.012" classname="testng.Example_Param2"/>
  <system-out/>
  <testcase name="logout" time="0.005" classname="testng.Example_Param2"/>
  <system-out/>
</testsuite> <!-- testng.Example_Param2 -->
